#! /usr/local/Cellar/icarus-verilog/10.2_1/bin/vvp
:ivl_version "10.2 (stable)" "(v10_2)";
:ivl_delay_selection "TYPICAL";
:vpi_time_precision - 1;
:vpi_module "system";
:vpi_module "vhdl_sys";
:vpi_module "v2005_math";
:vpi_module "va_math";
S_0x7f968bc03630 .scope module, "DFF_tb" "DFF_tb" 2 4;
 .timescale 0 -1;
v0x7f968bc1d3a0_0 .var "D", 0 0;
v0x7f968bc1d450_0 .net "Q", 0 0, v0x7f968bc1d070_0;  1 drivers
v0x7f968bc1d4e0_0 .net "Qbar", 0 0, v0x7f968bc1d110_0;  1 drivers
v0x7f968bc1d590_0 .var "clk", 0 0;
v0x7f968bc1d640_0 .var "clr", 0 0;
S_0x7f968bc05060 .scope module, "myDFF" "DFF" 2 12, 3 1 0, S_0x7f968bc03630;
 .timescale 0 -1;
    .port_info 0 /INPUT 1 "clk"
    .port_info 1 /INPUT 1 "clr"
    .port_info 2 /INPUT 1 "D"
    .port_info 3 /OUTPUT 1 "Q"
    .port_info 4 /OUTPUT 1 "Qbar"
v0x7f968bc0a250_0 .net "D", 0 0, v0x7f968bc1d3a0_0;  1 drivers
v0x7f968bc1d070_0 .var "Q", 0 0;
v0x7f968bc1d110_0 .var "Qbar", 0 0;
v0x7f968bc1d1a0_0 .net "clk", 0 0, v0x7f968bc1d590_0;  1 drivers
v0x7f968bc1d240_0 .net "clr", 0 0, v0x7f968bc1d640_0;  1 drivers
E_0x7f968bc05760/0 .event negedge, v0x7f968bc1d240_0;
E_0x7f968bc05760/1 .event posedge, v0x7f968bc1d1a0_0;
E_0x7f968bc05760 .event/or E_0x7f968bc05760/0, E_0x7f968bc05760/1;
    .scope S_0x7f968bc05060;
T_0 ;
    %wait E_0x7f968bc05760;
    %load/vec4 v0x7f968bc1d240_0;
    %inv;
    %flag_set/vec4 8;
    %jmp/0xz  T_0.0, 8;
    %pushi/vec4 0, 0, 1;
    %assign/vec4 v0x7f968bc1d070_0, 0;
    %pushi/vec4 1, 0, 1;
    %assign/vec4 v0x7f968bc1d110_0, 0;
    %jmp T_0.1;
T_0.0 ;
    %load/vec4 v0x7f968bc0a250_0;
    %assign/vec4 v0x7f968bc1d070_0, 0;
    %load/vec4 v0x7f968bc0a250_0;
    %inv;
    %assign/vec4 v0x7f968bc1d110_0, 0;
T_0.1 ;
    %jmp T_0;
    .thread T_0;
    .scope S_0x7f968bc03630;
T_1 ;
    %vpi_call 2 17 "$monitor", "clk = %b, clr = %b, D = %b, Q = %b", v0x7f968bc1d590_0, v0x7f968bc1d640_0, v0x7f968bc1d3a0_0, v0x7f968bc1d450_0 {0 0 0};
    %vpi_call 2 19 "$dumpfile", "DFF.vcd" {0 0 0};
    %vpi_call 2 20 "$dumpvars", 32'sb00000000000000000000000000000000, S_0x7f968bc03630 {0 0 0};
    %pushi/vec4 1, 0, 1;
    %assign/vec4 v0x7f968bc1d640_0, 0;
    %pushi/vec4 0, 0, 1;
    %assign/vec4 v0x7f968bc1d590_0, 0;
    %pushi/vec4 1, 0, 1;
    %assign/vec4 v0x7f968bc1d3a0_0, 0;
    %delay 10, 0;
    %pushi/vec4 0, 0, 1;
    %assign/vec4 v0x7f968bc1d3a0_0, 0;
    %delay 10, 0;
    %pushi/vec4 1, 0, 1;
    %assign/vec4 v0x7f968bc1d590_0, 0;
    %pushi/vec4 1, 0, 1;
    %assign/vec4 v0x7f968bc1d3a0_0, 0;
    %delay 10, 0;
    %pushi/vec4 0, 0, 1;
    %assign/vec4 v0x7f968bc1d3a0_0, 0;
    %delay 10, 0;
    %pushi/vec4 0, 0, 1;
    %assign/vec4 v0x7f968bc1d590_0, 0;
    %pushi/vec4 1, 0, 1;
    %assign/vec4 v0x7f968bc1d3a0_0, 0;
    %delay 10, 0;
    %pushi/vec4 0, 0, 1;
    %assign/vec4 v0x7f968bc1d3a0_0, 0;
    %delay 10, 0;
    %pushi/vec4 1, 0, 1;
    %assign/vec4 v0x7f968bc1d590_0, 0;
    %pushi/vec4 0, 0, 1;
    %assign/vec4 v0x7f968bc1d3a0_0, 0;
    %delay 10, 0;
    %pushi/vec4 1, 0, 1;
    %assign/vec4 v0x7f968bc1d3a0_0, 0;
    %delay 10, 0;
    %pushi/vec4 0, 0, 1;
    %assign/vec4 v0x7f968bc1d590_0, 0;
    %pushi/vec4 1, 0, 1;
    %assign/vec4 v0x7f968bc1d3a0_0, 0;
    %delay 10, 0;
    %pushi/vec4 0, 0, 1;
    %assign/vec4 v0x7f968bc1d3a0_0, 0;
    %delay 10, 0;
    %pushi/vec4 1, 0, 1;
    %assign/vec4 v0x7f968bc1d590_0, 0;
    %pushi/vec4 1, 0, 1;
    %assign/vec4 v0x7f968bc1d3a0_0, 0;
    %delay 10, 0;
    %pushi/vec4 0, 0, 1;
    %assign/vec4 v0x7f968bc1d3a0_0, 0;
    %delay 10, 0;
    %pushi/vec4 0, 0, 1;
    %assign/vec4 v0x7f968bc1d590_0, 0;
    %pushi/vec4 1, 0, 1;
    %assign/vec4 v0x7f968bc1d3a0_0, 0;
    %delay 10, 0;
    %pushi/vec4 0, 0, 1;
    %assign/vec4 v0x7f968bc1d3a0_0, 0;
    %delay 10, 0;
    %pushi/vec4 0, 0, 1;
    %assign/vec4 v0x7f968bc1d640_0, 0;
    %pushi/vec4 1, 0, 1;
    %assign/vec4 v0x7f968bc1d590_0, 0;
    %pushi/vec4 1, 0, 1;
    %assign/vec4 v0x7f968bc1d3a0_0, 0;
    %delay 10, 0;
    %pushi/vec4 0, 0, 1;
    %assign/vec4 v0x7f968bc1d3a0_0, 0;
    %delay 10, 0;
    %vpi_call 2 59 "$finish" {0 0 0};
    %end;
    .thread T_1;
# The file index is used to find the file name in the following table.
:file_names 4;
    "N/A";
    "<interactive>";
    "DFF_tb.v";
    "./DFF.v";
